--------------------------------------------------------

  23.09.2005  16:46   Запись дампа UGD  fregat8.ugd 
  * Дамп UGD fregat8.ugd :  
  Записан файл fregat8.ugd  по адресам 000000-04FFFF

  Контрольные суммы ОЗУ и ПЗУ 
  03FFFC: 536584CE  04FFFC: 6E1E820F 
  Вычислены контрольные суммы 
  03FFFC: 58330C19  04FFFC: 6E1E820F 
  Вычислена контрольная сумма участка памяти  35E4C342 
--------------------------------------------------------

  30.09.2005  11:09   Запись дампа UGD  dump3009.ugd 
  * Дамп UGD dump3009.ugd :  
  Записан файл dump3009.ugd  по адресам 000000-04FFFF

  Контрольные суммы ОЗУ и ПЗУ 
  03FFFC: 536584CE  04FFFC: 6E1E820F 
  Вычислены контрольные суммы 
  03FFFC: 68D936F5  04FFFC: 6E1E820F 
  Вычислена контрольная сумма участка памяти  2029A0CF 
--------------------------------------------------------

  30.09.2005  11:54   Запись дампа UGD  progon1.ugd 
  * Дамп UGD progon1.ugd :  
  Записан файл progon1.ugd  по адресам 000000-04FFFF

  Контрольные суммы ОЗУ и ПЗУ 
  03FFFC: 536584CE  04FFFC: 6E1E820F 
  Вычислены контрольные суммы 
  03FFFC: 70C032B6  04FFFC: 6E1E820F 
  Вычислена контрольная сумма участка памяти  9F113E01 
--------------------------------------------------------

  30.09.2005  15:34   Запись дампа UGD  srez3.ugd 
  * Дамп UGD srez3.ugd :  
  Записан файл srez3.ugd  по адресам 000000-04FFFF

  Контрольные суммы ОЗУ и ПЗУ 
  03FFFC: 536584CE  04FFFC: 6E1E820F 
  Вычислены контрольные суммы 
  03FFFC: 5AFB1CEA  04FFFC: 6E1E820F 
  Вычислена контрольная сумма участка памяти  A20A2360 
--------------------------------------------------------

  06.10.2005  16:17   Запись дампа UGD  dump0610.ugd 
  * Дамп UGD dump0610.ugd :  
  Записан файл dump0610.ugd  по адресам 000000-04FFFF

  Контрольные суммы ОЗУ и ПЗУ 
  03FFFC: 536584CE  04FFFC: 6E1E820F 
  Вычислены контрольные суммы 
  03FFFC: D062BE66  04FFFC: 6E1E820F 
  Вычислена контрольная сумма участка памяти  584EF9F9 
--------------------------------------------------------

  06.10.2005  16:27   Запись дампа UGD  1.ugd 
  * Дамп UGD 1.ugd :  
  Записан файл 1.ugd  по адресам 000000-04FFFF

  Контрольные суммы ОЗУ и ПЗУ 
  03FFFC: 536584CE  04FFFC: 6E1E820F 
  Вычислены контрольные суммы 
  03FFFC: 6EC032AC  04FFFC: 6E1E820F 
  Вычислена контрольная сумма участка памяти  9F1185B9 
--------------------------------------------------------

  07.10.2005  08:07   Запись дампа UGD  dsh94.dmp 
  * Дамп UGD dsh94.dmp :  
  Записан файл dsh94.dmp  по адресам 000000-04FFFF

  Контрольные суммы ОЗУ и ПЗУ 
  03FFFC: 901C3A9C  04FFFC: 032A0601 
  Вычислены контрольные суммы 
  03FFFC: A1D0ECE6  04FFFC: EE47157D 
  Вычислена контрольная сумма участка памяти  51CEDC85 
--------------------------------------------------------

  07.10.2005  08:14   Запись дампа UGD  dsh94.dmp 
  * Дамп UGD dsh94.dmp :  
  Записан файл dsh94.dmp  по адресам 000000-04FFFF

  Контрольные суммы ОЗУ и ПЗУ 
  03FFFC: 901C3A9C  04FFFC: 032A0601 
  Вычислены контрольные суммы 
  03FFFC: A1D0ECE6  04FFFC: EE47157D 
  Вычислена контрольная сумма участка памяти  51CEDC85 
--------------------------------------------------------

  10.10.2005  13:26   Запись дампа UGD  dump1010.ugd 
  * Дамп UGD dump1010.ugd :  
  Записан файл dump1010.ugd  по адресам 000000-04FFFF

  Контрольные суммы ОЗУ и ПЗУ 
  03FFFC: 536584CE  04FFFC: 6E1E820F 
  Вычислены контрольные суммы 
  03FFFC: A073059E  04FFFC: 6E1E820F 
  Вычислена контрольная сумма участка памяти  D0712F1F 
--------------------------------------------------------

  25.10.2005  14:02   Запись дампа UGD  srez2510.ugd 
  * Дамп UGD srez2510.ugd :  
  Записан файл srez2510.ugd  по адресам 000000-04FFFF

  Контрольные суммы ОЗУ и ПЗУ 
  03FFFC: F03E4F84  04FFFC: 6E1E820F 
  Вычислены контрольные суммы 
  03FFFC: D2A30A7A  04FFFC: 6E1E820F 
  Вычислена контрольная сумма участка памяти  41DBC377 
--------------------------------------------------------

  09.12.2005  16:35   Запись дампа UGD  srez0912.ugd 
  * Дамп UGD srez0912.ugd :  
  Записан файл srez0912.ugd  по адресам 000000-04FFFF

  Контрольные суммы ОЗУ и ПЗУ 
  03FFFC: FDB33243  04FFFC: 6E1E820F 
  Вычислены контрольные суммы 
  03FFFC: 5826143A  04FFFC: 6E1E820F 
  Вычислена контрольная сумма участка памяти  E9B1E546 
--------------------------------------------------------
