
  30.06.2000  18:15   Запись дампа UGD  srez 
  * Дамп UGD srez :  fgh

  01.07.2000  17:32   Запись дампа UGD  psp0107.ugd 
  * Дамп UGD psp0107.ugd :  psp
  Записан файл psp0107.ugd  по адресам 000000-04FFFF

  Контрольные суммы ОЗУ и ПЗУ 
  03FFFC: 00000000  04FFFC: B65235DA 
  Вычислены контрольные суммы 
  03FFFC: 36D6910C  04FFFC: B65235DA 
  Вычислена контрольная сумма участка памяти  20EEF243 
--------------------------------------------------------

  02.07.2000  16:02   Запись дампа UGD  srezdm4.ugd 
  * Дамп UGD srezdm4.ugd :  pcp
  Записан файл srezdm4.ugd  по адресам 000000-04FFFF

  Контрольные суммы ОЗУ и ПЗУ 
  03FFFC: 00000000  04FFFC: B65235DA 
  Вычислены контрольные суммы 
  03FFFC: E53FBB0D  04FFFC: B65235DA 
  Вычислена контрольная сумма участка памяти  C309BAD7 
--------------------------------------------------------

  04.07.2000  20:10   Запись дампа UGD  pr0407.ugd 
  * Дамп UGD pr0407.ugd :  prog
  Записан файл pr0407.ugd  по адресам 000000-04FFFF

  Контрольные суммы ОЗУ и ПЗУ 
  03FFFC: 00000000  04FFFC: B65235DA 
  Вычислены контрольные суммы 
  03FFFC: FE7882A4  04FFFC: B65235DA 
  Вычислена контрольная сумма участка памяти  29A39963 
--------------------------------------------------------

  05.07.2000  13:51   Запись дампа UGD  srezdm5.ugd 
  * Дамп UGD srezdm5.ugd :  srez
  Записан файл srezdm5.ugd  по адресам 000000-04FFFF

  Контрольные суммы ОЗУ и ПЗУ 
  03FFFC: 00000000  04FFFC: B65235DA 
  Вычислены контрольные суммы 
  03FFFC: A93F5E20  04FFFC: B65235DA 
  Вычислена контрольная сумма участка памяти  5D840727 
--------------------------------------------------------

  06.07.2000  16:45   Запись дампа UGD  srez1dm4.ugd 
  * Дамп UGD srez1dm4.ugd :  psp
  Записан файл srez1dm4.ugd  по адресам 000000-04FFFF

  Контрольные суммы ОЗУ и ПЗУ 
  03FFFC: 00000000  04FFFC: B65235DA 
  Вычислены контрольные суммы 
  03FFFC: 1F0A451F  04FFFC: B65235DA 
  Вычислена контрольная сумма участка памяти  2C15A29C 
--------------------------------------------------------

  06.07.2000  23:23   Запись дампа UGD  srez2dm4.ugd 
  * Дамп UGD srez2dm4.ugd :  pcp
  Записан файл srez2dm4.ugd  по адресам 000000-04FFFF

  Контрольные суммы ОЗУ и ПЗУ 
  03FFFC: 00000000  04FFFC: B65235DA 
  Вычислены контрольные суммы 
  03FFFC: 6B2AB46C  04FFFC: B65235DA 
  Вычислена контрольная сумма участка памяти  4958DDFF 
--------------------------------------------------------

  13.07.2000  00:15   Запись дампа UGD  srez3dm4.ugd 
  * Дамп UGD srez3dm4.ugd :  psp
  Записан файл srez3dm4.ugd  по адресам 000000-04FFFF

  Контрольные суммы ОЗУ и ПЗУ 
  03FFFC: 00000000  04FFFC: B65235DA 
  Вычислены контрольные суммы 
  03FFFC: F9E393D3  04FFFC: B65235DA 
  Вычислена контрольная сумма участка памяти  C0532E89 
--------------------------------------------------------

  17.07.2000  21:34   Запись дампа UGD  srez1dm4.ugd 
  * Дамп UGD srez1dm4.ugd :  1707
  Записан файл srez1dm4.ugd  по адресам 000000-04FFFF

  Контрольные суммы ОЗУ и ПЗУ 
  03FFFC: 00000000  04FFFC: B65235DA 
  Вычислены контрольные суммы 
  03FFFC: 65F2DCEB  04FFFC: B65235DA 
  Вычислена контрольная сумма участка памяти  A29DB65A 
--------------------------------------------------------

  30.08.2000  14:25   Запись дампа UGD  obl.ugd 
  * Дамп UGD obl.ugd :  30.08.2000
  Записан файл obl.ugd  по адресам 000000-04FFFF

  Контрольные суммы ОЗУ и ПЗУ 
  03FFFC: 00000000  04FFFC: B65235DA 
  Вычислены контрольные суммы 
  03FFFC: BC6C7BDE  04FFFC: B65235DA 
  Вычислена контрольная сумма участка памяти  3074D011 
--------------------------------------------------------

  30.08.2000  18:38   Запись дампа UGD  srez1dm5.ugd 
  * Дамп UGD srez1dm5.ugd :  30.08.2000
  Записан файл srez1dm5.ugd  по адресам 000000-04FFFF

  Контрольные суммы ОЗУ и ПЗУ 
  03FFFC: 00000000  04FFFC: B65235DA 
  Вычислены контрольные суммы 
  03FFFC: 6B47C691  04FFFC: B65235DA 
  Вычислена контрольная сумма участка памяти  FF3A7A64 
--------------------------------------------------------

  01.09.2000  14:55   Запись дампа UGD  prog_1_1.ugd 
  * Дамп UGD prog_1_1.ugd :  
  Записан файл prog_1_1.ugd  по адресам 000000-04FFFF

  Контрольные суммы ОЗУ и ПЗУ 
  03FFFC: 00000000  04FFFC: B65235DA 
  Вычислены контрольные суммы 
  03FFFC: 863718FD  04FFFC: B65235DA 
  Вычислена контрольная сумма участка памяти  86ABBF71 
--------------------------------------------------------

  04.09.2000  13:41   Запись дампа UGD  prog_1_2.ugd 
  * Дамп UGD prog_1_2.ugd :  
  Записан файл prog_1_2.ugd  по адресам 000000-04FFFF

  Контрольные суммы ОЗУ и ПЗУ 
  03FFFC: 00000000  04FFFC: B65235DA 
  Вычислены контрольные суммы 
  03FFFC: 99ED1BB7  04FFFC: B65235DA 
  Вычислена контрольная сумма участка памяти  66276F94 
--------------------------------------------------------

  04.09.2000  16:14   Запись дампа UGD    

  04.09.2000  16:15   Запись дампа UGD    

  04.09.2000  16:16   Запись дампа UGD    

  04.09.2000  16:17   Запись дампа UGD  prog_1_3.ugd 
  * Дамп UGD prog_1_3.ugd :  prog with devises
  Записан файл prog_1_3.ugd  по адресам 000000-04FFFF

  Контрольные суммы ОЗУ и ПЗУ 
  03FFFC: 00000000  04FFFC: B65235DA 
  Вычислены контрольные суммы 
  03FFFC: E8256176  04FFFC: B65235DA 
  Вычислена контрольная сумма участка памяти  883615F9 
--------------------------------------------------------

  18.09.2000  17:33   Запись дампа UGD  srez2dm5.ugd 
  * Дамп UGD srez2dm5.ugd :  18.09.2000
  Записан файл srez2dm5.ugd  по адресам 000000-04FFFF

  Контрольные суммы ОЗУ и ПЗУ 
  03FFFC: 00000000  04FFFC: B65235DA 
  Вычислены контрольные суммы 
  03FFFC: 929401DC  04FFFC: B65235DA 
  Вычислена контрольная сумма участка памяти  912572A4 
--------------------------------------------------------

  10.10.2000  13:58   Запись дампа UGD  reg1_ugd.ugd 
  * Дамп UGD reg1_ugd.ugd :  registration
  Записан файл reg1_ugd.ugd  по адресам 000000-04FFFF

  Контрольные суммы ОЗУ и ПЗУ 
  03FFFC: 00000000  04FFFC: 1113300D 
  Вычислены контрольные суммы 
  03FFFC: B07B1D98  04FFFC: 1113300D 
  Вычислена контрольная сумма участка памяти  33FD7F09 
--------------------------------------------------------

  12.10.2000  16:55   Запись дампа UGD  12.UGD 
  * Дамп UGD 12.UGD :  SREZ

  12.10.2000  16:58   Запись дампа UGD  122 
  * Дамп UGD 122 :  JFYEDKR

  30.11.2000  15:29   Запись дампа UGD  srez1.ugd 
  * Дамп UGD srez1.ugd :  30-11-00
  Записан файл srez1.ugd  по адресам 000000-04FFFF

  Контрольные суммы ОЗУ и ПЗУ 
  03FFFC: 602CA2EA  04FFFC: B65235DA 
  Вычислены контрольные суммы 
  03FFFC: D4AB8514  04FFFC: B65235DA 
  Вычислена контрольная сумма участка памяти  D2DC60B2 
--------------------------------------------------------

  30.11.2000  15:34   Запись дампа UGD  srez1dm6.ugd 
  * Дамп UGD srez1dm6.ugd :  30-11-00
  Записан файл srez1dm6.ugd  по адресам 000000-04FFFF

  Контрольные суммы ОЗУ и ПЗУ 
  03FFFC: 602CA2EA  04FFFC: B65235DA 
  Вычислены контрольные суммы 
  03FFFC: D4AB8514  04FFFC: 0BA78B36 
  Вычислена контрольная сумма участка памяти  7D870B5D 
--------------------------------------------------------

  01.12.2000  22:16   Запись дампа UGD  srez2dm6.ugd 
  * Дамп UGD srez2dm6.ugd :  pcp
  Записан файл srez2dm6.ugd  по адресам 000000-04FFFF

  Контрольные суммы ОЗУ и ПЗУ 
  03FFFC: 6024A2AA  04FFFC: B65235DA 
  Вычислены контрольные суммы 
  03FFFC: E0B48B8C  04FFFC: B65235DA 
  Вычислена контрольная сумма участка памяти  5BAB97E6 
--------------------------------------------------------

  04.12.2000  17:05   Запись дампа UGD  srez411.ugd 
  * Дамп UGD srez411.ugd :  4-11-00
  Записан файл srez411.ugd  по адресам 000000-04FFFF

  Контрольные суммы ОЗУ и ПЗУ 
  03FFFC: 602CA2AA  04FFFC: B65235DA 
  Вычислены контрольные суммы 
  03FFFC: 26E5D5B8  04FFFC: 0BA78B36 
  Вычислена контрольная сумма участка памяти  3546E124 
--------------------------------------------------------

  16.02.2001  15:25   Запись дампа UGD  srez1602.ugd 
  * Дамп UGD srez1602.ugd :  nn psp
  Записан файл srez1602.ugd  по адресам 000000-04FFFF

  Контрольные суммы ОЗУ и ПЗУ 
  03FFFC: A28C82AE  04FFFC: B65235DA 
  Вычислены контрольные суммы 
  03FFFC: 1FE76F9E  04FFFC: B65235DA 
  Вычислена контрольная сумма участка памяти  72D7CE38 
--------------------------------------------------------

  16.02.2001  20:30   Запись дампа UGD  srez16021.ugd 
  * Дамп UGD srez16021.ugd :  normapsp
  Записан файл srez16021.ugd  по адресам 000000-04FFFF

  Контрольные суммы ОЗУ и ПЗУ 
  03FFFC: A28CA2AE  04FFFC: B65235DA 
  Вычислены контрольные суммы 
  03FFFC: 5C9DF5A0  04FFFC: B65235DA 
  Вычислена контрольная сумма участка памяти  D0C6C980 
--------------------------------------------------------

  22.02.2001  18:31   Запись дампа UGD  srez_dm6.ugd 
  * Дамп UGD srez_dm6.ugd :  psp_22.02.01
  Записан файл srez_dm6.ugd  по адресам 000000-04FFFF

  Контрольные суммы ОЗУ и ПЗУ 
  03FFFC: A28C83AE  04FFFC: B65235DA 
  Вычислены контрольные суммы 
  03FFFC: 17D4D652  04FFFC: B65235DA 
  Вычислена контрольная сумма участка памяти  F0D6B25B 
--------------------------------------------------------

  11.04.2001  14:18   Запись дампа UGD  srez_7dm.ugd 
  * Дамп UGD srez_7dm.ugd :  11-04
  Записан файл srez_7dm.ugd  по адресам 000000-04FFFF

  Контрольные суммы ОЗУ и ПЗУ 
  03FFFC: EEEEBEEA  04FFFC: B65235DA 
  Вычислены контрольные суммы 
  03FFFC: 37A3B165  04FFFC: 0BA38B32 
  Вычислена контрольная сумма участка памяти  57492479 
--------------------------------------------------------

  19.04.2001  12:49   Запись дампа UGD  progon7.ugd 
  * Дамп UGD progon7.ugd :  19.04.01
  Записан файл progon7.ugd  по адресам 000000-04FFFF

  Контрольные суммы ОЗУ и ПЗУ 
  03FFFC: EEEEBAEA  04FFFC: B65235DA 
  Вычислены контрольные суммы 
  03FFFC: 9AEED8B6  04FFFC: 0BA38B32 
  Вычислена контрольная сумма участка памяти  0EA8A2AC 
--------------------------------------------------------

  16.07.2001  09:44   Запись дампа UGD  pv1.ugd 
  * Дамп UGD pv1.ugd :  pv1
  Записан файл pv1.ugd  по адресам 000000-04FFFF

  Контрольные суммы ОЗУ и ПЗУ 
  03FFFC: EEBEABAE  04FFFC: B65235DA 
  Вычислены контрольные суммы 
  03FFFC: BCDA1249  04FFFC: B65235DA 
  Вычислена контрольная сумма участка памяти  0B437129 
--------------------------------------------------------

  20.07.2001  13:55   Запись дампа UGD  srez_08dm.ugd 
  * Дамп UGD srez_08dm.ugd :  200701
  Записан файл srez_08dm.ugd  по адресам 000000-04FFFF

  Контрольные суммы ОЗУ и ПЗУ 
  03FFFC: EEBEABAE  04FFFC: B65235DA 
  Вычислены контрольные суммы 
  03FFFC: 2B4D3C68  04FFFC: B65235DA 
  Вычислена контрольная сумма участка памяти  40C396B2 
--------------------------------------------------------

  12.03.2002  15:35   Запись дампа UGD  vus1.ugd 
  * Дамп UGD vus1.ugd :  qq
  Записан файл vus1.ugd  по адресам 000000-04FFFF

  Контрольные суммы ОЗУ и ПЗУ 
  03FFFC: AEBEABAE  04FFFC: B65235DA 
  Вычислены контрольные суммы 
  03FFFC: A6E6BC27  04FFFC: B65235DA 
  Вычислена контрольная сумма участка памяти  4A3D7D98 
--------------------------------------------------------

  27.03.2002  14:38   Запись дампа UGD  otboj.ugd 
  * Дамп UGD otboj.ugd :  1
  Записан файл otboj.ugd  по адресам 000000-04FFFF

  Контрольные суммы ОЗУ и ПЗУ 
  03FFFC: AEBEABAE  04FFFC: B65235DA 
  Вычислены контрольные суммы 
  03FFFC: 76620C05  04FFFC: B65235DA 
  Вычислена контрольная сумма участка памяти  65F31C70 
--------------------------------------------------------

  28.03.2002  14:21   Запись дампа UGD  otboj 
  * Дамп UGD otboj :  28.03.2002
  Записан файл otboj  по адресам 000000-04FFFF

  Контрольные суммы ОЗУ и ПЗУ 
  03FFFC: AABEABAE  04FFFC: B65235DA 
  Вычислены контрольные суммы 
  03FFFC: 51D483AF  04FFFC: B65235DA 
  Вычислена контрольная сумма участка памяти  301DEF36 
--------------------------------------------------------

  29.03.2002  14:21   Запись дампа UGD  ozu 
  * Дамп UGD ozu :  11
  Записан файл ozu  по адресам 000000-04FFFF

  Контрольные суммы ОЗУ и ПЗУ 
  03FFFC: A29EABAE  04FFFC: B65235DA 
  Вычислены контрольные суммы 
  03FFFC: 7CC66F1D  04FFFC: B65235DA 
  Вычислена контрольная сумма участка памяти  00E862DA 
--------------------------------------------------------

  01.04.2002  15:06   Запись дампа UGD  srezrbsl.ugd 
  * Дамп UGD srezrbsl.ugd :  srez
  Записан файл srezrbsl.ugd  по адресам 000000-04FFFF

  Контрольные суммы ОЗУ и ПЗУ 
  03FFFC: AABEABAE  04FFFC: B65235DA 
  Вычислены контрольные суммы 
  03FFFC: A8DC2C23  04FFFC: B65235DA 
  Вычислена контрольная сумма участка памяти  F0F8CE6F 
--------------------------------------------------------

  04.04.2002  13:10   Запись дампа UGD  srez0404.ugd 
  * Дамп UGD srez0404.ugd :  6 panels
  Записан файл srez0404.ugd  по адресам 000000-04FFFF

  Контрольные суммы ОЗУ и ПЗУ 
  03FFFC: EEBEEBAE  04FFFC: B65235DA 
  Вычислены контрольные суммы 
  03FFFC: BE27BAF2  04FFFC: 0BA78B32 
  Вычислена контрольная сумма участка памяти  B60908B6 
--------------------------------------------------------

  08.04.2002  13:23   Запись дампа UGD  tolj.ugd 
  * Дамп UGD tolj.ugd :  1
  Записан файл tolj.ugd  по адресам 000000-04FFFF

  Контрольные суммы ОЗУ и ПЗУ 
  03FFFC: A29EAAAE  04FFFC: B65235DA 
  Вычислены контрольные суммы 
  03FFFC: D7F15F27  04FFFC: B65235DA 
  Вычислена контрольная сумма участка памяти  E8EDBA05 
--------------------------------------------------------

  08.04.2002  14:48   Запись дампа UGD  PROBASR 
  * Дамп UGD PROBASR :  1
  Записан файл PROBASR  по адресам 000000-04FFFF

  Контрольные суммы ОЗУ и ПЗУ 
  03FFFC: EEBEEBAE  04FFFC: B65235DA 
  Вычислены контрольные суммы 
  03FFFC: BE27BAF2  04FFFC: B65235DA 
  Вычислена контрольная сумма участка памяти  0B665E0C 
--------------------------------------------------------

  11.04.2002  14:45   Запись дампа UGD  srez.ugd 
  * Дамп UGD srez.ugd :  
  Записан файл srez.ugd  по адресам 000000-04FFFF

  Контрольные суммы ОЗУ и ПЗУ 
  03FFFC: EEBEEBAE  04FFFC: B65235DA 
  Вычислены контрольные суммы 
  03FFFC: DE4179BA  04FFFC: B65235DA 
  Вычислена контрольная сумма участка памяти  3C2D1769 
--------------------------------------------------------

  13.05.2002  16:59   Запись дампа UGD  13_05_02.ugd 
  * Дамп UGD 13_05_02.ugd :  dubl
  Записан файл 13_05_02.ugd  по адресам 000000-04FFFF

  Контрольные суммы ОЗУ и ПЗУ 
  03FFFC: FFBEFBAE  04FFFC: B65235DA 
  Вычислены контрольные суммы 
  03FFFC: 132A839A  04FFFC: B65235DA 
  Вычислена контрольная сумма участка памяти  37D3FDAA 
--------------------------------------------------------

  14.08.2002  13:56   Запись дампа UGD  srez1408.ugd 
  * Дамп UGD srez1408.ugd :  
  Записан файл srez1408.ugd  по адресам 000000-04FFFF

  Контрольные суммы ОЗУ и ПЗУ 
  03FFFC: 662EA2EA  04FFFC: B65235DA 
  Вычислены контрольные суммы 
  03FFFC: E9ED00D2  04FFFC: B65235DA 
  Вычислена контрольная сумма участка памяти  8E9D9674 
--------------------------------------------------------

  21.08.2002  13:07   Запись дампа UGD  progon4.ugd 
  * Дамп UGD progon4.ugd :  galaxy81r
  Записан файл progon4.ugd  по адресам 000000-04FFFF

  Контрольные суммы ОЗУ и ПЗУ 
  03FFFC: 662EB2EA  04FFFC: B65235DA 
  Вычислены контрольные суммы 
  03FFFC: 2094A81F  04FFFC: B65235DA 
  Вычислена контрольная сумма участка памяти  AC7D711F 
--------------------------------------------------------

  21.08.2002  14:57   Запись дампа UGD  progon5.ugd 
  * Дамп UGD progon5.ugd :  galaxy81r
  Записан файл progon5.ugd  по адресам 000000-04FFFF

  Контрольные суммы ОЗУ и ПЗУ 
  03FFFC: FEEFBEEE  04FFFC: B65235DA 
  Вычислены контрольные суммы 
  03FFFC: 7671D973  04FFFC: B65235DA 
  Вычислена контрольная сумма участка памяти  61ADE27A 
--------------------------------------------------------

  22.08.2002  13:58   Запись дампа UGD  shtat.ugd 
  * Дамп UGD shtat.ugd :  galaxy81r
  Записан файл shtat.ugd  по адресам 000000-04FFFF

  Контрольные суммы ОЗУ и ПЗУ 
  03FFFC: 662EA2EA  04FFFC: B65235DA 
  Вычислены контрольные суммы 
  03FFFC: A00AC634  04FFFC: B65235DA 
  Вычислена контрольная сумма участка памяти  C004B80A 
--------------------------------------------------------

  27.08.2002  12:35   Запись дампа UGD  1 
  * Дамп UGD 1 :  galaxy81r progon 4
  Записан файл 1  по адресам 000000-04FFFF

  Контрольные суммы ОЗУ и ПЗУ 
  03FFFC: 602CA2AA  04FFFC: B65235DA 
  Вычислены контрольные суммы 
  03FFFC: ABB0B1E2  04FFFC: B65235DA 
  Вычислена контрольная сумма участка памяти  BCC22A8C 
--------------------------------------------------------

  27.08.2002  12:37   Запись дампа UGD  pr4_27_8.ugd 
  * Дамп UGD pr4_27_8.ugd :  GALAXY 81R PROGON N4
  Записан файл pr4_27_8.ugd  по адресам 000000-04FFFF

  Контрольные суммы ОЗУ и ПЗУ 
  03FFFC: 602CA2AA  04FFFC: B65235DA 
  Вычислены контрольные суммы 
  03FFFC: ABB0B1E2  04FFFC: B65235DA 
  Вычислена контрольная сумма участка памяти  BCC22A8C 
--------------------------------------------------------

  27.08.2002  14:08   Запись дампа UGD  PR5_27_8.UGD 
  * Дамп UGD PR5_27_8.UGD :  GALAXY 81R PROGON 5
  Записан файл PR5_27_8.UGD  по адресам 000000-04FFFF

  Контрольные суммы ОЗУ и ПЗУ 
  03FFFC: EEEEBEEE  04FFFC: B65235DA 
  Вычислены контрольные суммы 
  03FFFC: BD87875E  04FFFC: B65235DA 
  Вычислена контрольная сумма участка памяти  70E06CC5 
--------------------------------------------------------

  29.08.2002  13:30   Запись дампа UGD  srez2908.ugd 
  * Дамп UGD srez2908.ugd :  echostar 9
  Записан файл srez2908.ugd  по адресам 000000-04FFFF

  Контрольные суммы ОЗУ и ПЗУ 
  03FFFC: EEEEBEEA  04FFFC: B65235DA 
  Вычислены контрольные суммы 
  03FFFC: 4A87D4E8  04FFFC: 0BA78B36 
  Вычислена контрольная сумма участка памяти  79DC6019 
--------------------------------------------------------

  29.08.2002  13:36   Запись дампа UGD  srez2908.ugd 
  * Дамп UGD srez2908.ugd :  echostar 9
  Записан файл srez2908.ugd  по адресам 000000-04FFFF

  Контрольные суммы ОЗУ и ПЗУ 
  03FFFC: EEEEBEEA  04FFFC: B65235DA 
  Вычислены контрольные суммы 
  03FFFC: 4A87D4E8  04FFFC: B65235DA 
  Вычислена контрольная сумма участка памяти  CF31B56E 
--------------------------------------------------------

  30.08.2002  14:24   Запись дампа UGD  progon6.ugd 
  * Дамп UGD progon6.ugd :  gelaxy8ir
  Записан файл progon6.ugd  по адресам 000000-04FFFF

  Контрольные суммы ОЗУ и ПЗУ 
  03FFFC: 662EB2EA  04FFFC: B65235DA 
  Вычислены контрольные суммы 
  03FFFC: D41FF298  04FFFC: B65235DA 
  Вычислена контрольная сумма участка памяти  31B4811E 
--------------------------------------------------------

  02.09.2002  09:38   Запись дампа UGD  prog0209.ugd 
  * Дамп UGD prog0209.ugd :  galaxi 81r
  Записан файл prog0209.ugd  по адресам 000000-04FFFF

  Контрольные суммы ОЗУ и ПЗУ 
  03FFFC: 662EA2EA  04FFFC: B65235DA 
  Вычислены контрольные суммы 
  03FFFC: 0EB54DEE  04FFFC: B65235DA 
  Вычислена контрольная сумма участка памяти  1E10126F 
--------------------------------------------------------

  02.09.2002  11:20   Запись дампа UGD  prog0209.ugd 
  * Дамп UGD prog0209.ugd :  GALAXY 81R
  Записан файл prog0209.ugd  по адресам 000000-04FFFF

  Контрольные суммы ОЗУ и ПЗУ 
  03FFFC: EEEEBEEA  04FFFC: B65235DA 
  Вычислены контрольные суммы 
  03FFFC: 09A12ED0  04FFFC: B65235DA 
  Вычислена контрольная сумма участка памяти  DBEEA058 
--------------------------------------------------------

  12.09.2002  19:34   Запись дампа UGD  srez1209.ugd 
  * Дамп UGD srez1209.ugd :  eshostar
  Записан файл srez1209.ugd  по адресам 000000-04FFFF

  Контрольные суммы ОЗУ и ПЗУ 
  03FFFC: 662CA2EA  04FFFC: B65235DA 
  Вычислены контрольные суммы 
  03FFFC: 956EB415  04FFFC: 0BA78B36 
  Вычислена контрольная сумма участка памяти  5467B70D 
--------------------------------------------------------

  24.10.2002  13:38   Запись дампа UGD  srezrbsl.ugd 
  * Дамп UGD srezrbsl.ugd :  GALAXY 13
  Записан файл srezrbsl.ugd  по адресам 000000-04FFFF

  Контрольные суммы ОЗУ и ПЗУ 
  03FFFC: 642CA2AA  04FFFC: B65235DA 
  Вычислены контрольные суммы 
  03FFFC: 54297B3F  04FFFC: B65235DA 
  Вычислена контрольная сумма участка памяти  14FD0662 
--------------------------------------------------------

  13.11.2002  16:53   Запись дампа UGD  srezdmsl.ugd 
  * Дамп UGD srezdmsl.ugd :  ECHOSTAR-9
  Записан файл srezdmsl.ugd  по адресам 000000-04FFFF

  Контрольные суммы ОЗУ и ПЗУ 
  03FFFC: 662CA2AA  04FFFC: B65235DA 
  Вычислены контрольные суммы 
  03FFFC: CF371C00  04FFFC: B65235DA 
  Вычислена контрольная сумма участка памяти  B5524E39 
--------------------------------------------------------

  26.03.2003  15:52   Запись дампа UGD  pv494.ugd 
  * Дамп UGD pv494.ugd :  26-03-03
  Записан файл pv494.ugd  по адресам 000000-04FFFF

  Контрольные суммы ОЗУ и ПЗУ 
  03FFFC: EEEEBEEA  04FFFC: B65235DA 
  Вычислены контрольные суммы 
  03FFFC: 51530A74  04FFFC: B65235DA 
  Вычислена контрольная сумма участка памяти  79AAF9B0 
--------------------------------------------------------

  01.04.2003  13:13   Запись дампа UGD  aa 
  * Дамп UGD aa :  

  09.04.2003  14:27   Запись дампа UGD  srez09.ugd 
  * Дамп UGD srez09.ugd :  net ostanova po ak2
  Записан файл srez09.ugd  по адресам 000000-04FFFF

  Контрольные суммы ОЗУ и ПЗУ 
  03FFFC: 00000000  04FFFC: 9A2ABD00 
  Вычислены контрольные суммы 
  03FFFC: 2C4C03BC  04FFFC: 9A2ABD00 
  Вычислена контрольная сумма участка памяти  FAAD19BE 
--------------------------------------------------------

  10.04.2003  14:03   Запись дампа UGD  srez_dmsl.ugd 
  * Дамп UGD srez_dmsl.ugd :  10-04-03
  Записан файл srez_dmsl.ugd  по адресам 000000-04FFFF

  Контрольные суммы ОЗУ и ПЗУ 
  03FFFC: 00000000  04FFFC: 9A2ABD00 
  Вычислены контрольные суммы 
  03FFFC: 46F0871C  04FFFC: 9A2ABD00 
  Вычислена контрольная сумма участка памяти  CCA0D9F4 
--------------------------------------------------------

  24.04.2003  15:38   Запись дампа UGD  srez2404.ugd 
  * Дамп UGD srez2404.ugd :  24-04-03
  Записан файл srez2404.ugd  по адресам 000000-04FFFF

  Контрольные суммы ОЗУ и ПЗУ 
  03FFFC: 00000000  04FFFC: 9A2ABD00 
  Вычислены контрольные суммы 
  03FFFC: AD78897F  04FFFC: 9A2ABD00 
  Вычислена контрольная сумма участка памяти  BC47F880 
--------------------------------------------------------

  24.04.2003  15:42   Запись дампа UGD  srez2404.ugd 
  * Дамп UGD srez2404.ugd :  24-04-03
  Записан файл srez2404.ugd  по адресам 000000-04FFFF

  Контрольные суммы ОЗУ и ПЗУ 
  03FFFC: 00000000  04FFFC: 9A2ABD00 
  Вычислены контрольные суммы 
  03FFFC: 5F6AFEE1  04FFFC: 9A2ABD00 
  Вычислена контрольная сумма участка памяти  07DBE8F6 
--------------------------------------------------------

  24.04.2003  15:45   Запись дампа UGD  srezdmsl.ugd 
  * Дамп UGD srezdmsl.ugd :  24-04-03
  Записан файл srezdmsl.ugd  по адресам 000000-04FFFF

  Контрольные суммы ОЗУ и ПЗУ 
  03FFFC: 00000000  04FFFC: 9A2ABD00 
  Вычислены контрольные суммы 
  03FFFC: 5F6AFEE1  04FFFC: 9A2ABD00 
  Вычислена контрольная сумма участка памяти  07DBE8F6 
--------------------------------------------------------

  29.05.2003  14:16   Запись дампа UGD  srez_tur.ugd 
  * Дамп UGD srez_tur.ugd :  29-05-03 srez_tur.ugd
  Записан файл srez_tur.ugd  по адресам 000000-04FFFF

  Контрольные суммы ОЗУ и ПЗУ 
  03FFFC: 00000000  04FFFC: 9A2ABD00 
  Вычислены контрольные суммы 
  03FFFC: C4A7D78F  04FFFC: 9A2ABD00 
  Вычислена контрольная сумма участка памяти  03F206AE 
--------------------------------------------------------

  01.07.2003  17:40   Запись дампа UGD  srez107.ugd 
  * Дамп UGD srez107.ugd :  1otd
  Записан файл srez107.ugd  по адресам 000000-04FFFF

  Контрольные суммы ОЗУ и ПЗУ 
  03FFFC: A2BEABAE  04FFFC: B65235DA 
  Вычислены контрольные суммы 
  03FFFC: 28D76F36  04FFFC: B65235DA 
  Вычислена контрольная сумма участка памяти  948F92FB 
--------------------------------------------------------

  08.07.2003  13:15   Запись дампа UGD  123.ugd 
  * Дамп UGD 123.ugd :  q
  Записан файл 123.ugd  по адресам 000000-04FFFF

  Контрольные суммы ОЗУ и ПЗУ 
  03FFFC: EEBEABAE  04FFFC: B65235DA 
  Вычислены контрольные суммы 
  03FFFC: 3C8F138D  04FFFC: B65235DA 
  Вычислена контрольная сумма участка памяти  F4333131 
--------------------------------------------------------

  10.07.2003  09:59   Запись дампа UGD  124.ugd 
  * Дамп UGD 124.ugd :  e
  Записан файл 124.ugd  по адресам 000000-04FFFF

  Контрольные суммы ОЗУ и ПЗУ 
  03FFFC: EEBEABAE  04FFFC: B65235DA 
  Вычислены контрольные суммы 
  03FFFC: E0629490  04FFFC: B65235DA 
  Вычислена контрольная сумма участка памяти  C05820EF 
--------------------------------------------------------

  10.07.2003  12:48   Запись дампа UGD  dp.ugd 
  * Дамп UGD dp.ugd :  l
  Записан файл dp.ugd  по адресам 000000-04FFFF

  Контрольные суммы ОЗУ и ПЗУ 
  03FFFC: EEBEABAE  04FFFC: B65235DA 
  Вычислены контрольные суммы 
  03FFFC: E0629491  04FFFC: B65235DA 
  Вычислена контрольная сумма участка памяти  C05811EF 
--------------------------------------------------------

  28.07.2003  13:27   Запись дампа UGD  srez_13.ugd 
  * Дамп UGD srez_13.ugd :  28.07.2003
  Записан файл srez_13.ugd  по адресам 000000-04FFFF

  Контрольные суммы ОЗУ и ПЗУ 
  03FFFC: EEEEBAEA  04FFFC: B65235DA 
  Вычислены контрольные суммы 
  03FFFC: 8D5E6858  04FFFC: B65235DA 
  Вычислена контрольная сумма участка памяти  903E2999 
--------------------------------------------------------

  05.08.2003  13:52   Запись дампа UGD  dpv494.ugr 
  * Дамп UGD dpv494.ugr :  08.ugd
  Записан файл dpv494.ugr  по адресам 000000-04FFFF

  Контрольные суммы ОЗУ и ПЗУ 
  03FFFC: EEBEABAE  04FFFC: B65235DA 
  Вычислены контрольные суммы 
  03FFFC: 1459CFDE  04FFFC: B65235DA 
  Вычислена контрольная сумма участка памяти  4FA8E2DB 
--------------------------------------------------------

  05.08.2003  14:00   Запись дампа UGD  08.ugd 
  * Дамп UGD 08.ugd :  0
  Записан файл 08.ugd  по адресам 000000-04FFFF

  Контрольные суммы ОЗУ и ПЗУ 
  03FFFC: EEBEABAE  04FFFC: B65235DA 
  Вычислены контрольные суммы 
  03FFFC: FFA2AE1C  04FFFC: B65235DA 
  Вычислена контрольная сумма участка памяти  60316303 
--------------------------------------------------------

  05.08.2003  14:03   Запись дампа UGD  dpv494.ugr 
  * Дамп UGD dpv494.ugr :  0
  Записан файл dpv494.ugr  по адресам 000000-04FFFF

  Контрольные суммы ОЗУ и ПЗУ 
  03FFFC: EEBEABAE  04FFFC: B65235DA 
  Вычислены контрольные суммы 
  03FFFC: B6BD9195  04FFFC: B65235DA 
  Вычислена контрольная сумма участка памяти  9D7BA933 
--------------------------------------------------------

  05.08.2003  14:09   Запись дампа UGD  dg.ugd 
  * Дамп UGD dg.ugd :  0
  Записан файл dg.ugd  по адресам 000000-04FFFF

  Контрольные суммы ОЗУ и ПЗУ 
  03FFFC: EEBEABAE  04FFFC: B65235DA 
  Вычислены контрольные суммы 
  03FFFC: 1459CFDE  04FFFC: B65235DA 
  Вычислена контрольная сумма участка памяти  4FA8E2DB 
--------------------------------------------------------

  17.10.2003  13:42   Запись дампа UGD  qq.ugd 
  * Дамп UGD qq.ugd :  

  10.11.2003  10:58   Запись дампа UGD  otl2.ugd 
  * Дамп UGD otl2.ugd :  ot.ugd
  Записан файл otl2.ugd  по адресам 000000-04FFFF

  Контрольные суммы ОЗУ и ПЗУ 
  03FFFC: A28EAAAE  04FFFC: B65235DA 
  Вычислены контрольные суммы 
  03FFFC: A5BE70F0  04FFFC: 0BA78B36 
  Вычислена контрольная сумма участка памяти  06645B81 
--------------------------------------------------------

  10.11.2003  11:03   Запись дампа UGD  otl2.ugd 
  * Дамп UGD otl2.ugd :  0
  Записан файл otl2.ugd  по адресам 000000-04FFFF

  Контрольные суммы ОЗУ и ПЗУ 
  03FFFC: A28EAAAE  04FFFC: B65235DA 
  Вычислены контрольные суммы 
  03FFFC: A5BE70F0  04FFFC: 0BA78B36 
  Вычислена контрольная сумма участка памяти  06645B81 
--------------------------------------------------------

  10.11.2003  11:15   Запись дампа UGD  ot.ugd 
  * Дамп UGD ot.ugd :  0
  Записан файл ot.ugd  по адресам 000000-04FFFF

  Контрольные суммы ОЗУ и ПЗУ 
  03FFFC: A28EAAAE  04FFFC: B65235DA 
  Вычислены контрольные суммы 
  03FFFC: A5BE70F0  04FFFC: 0BA78B36 
  Вычислена контрольная сумма участка памяти  06645B81 
--------------------------------------------------------

  10.11.2003  11:19   Запись дампа UGD  ot_ugd 
  * Дамп UGD ot_ugd :  0
  Записан файл ot_ugd  по адресам 000000-04FFFF

  Контрольные суммы ОЗУ и ПЗУ 
  03FFFC: A28EAAAE  04FFFC: B65235DA 
  Вычислены контрольные суммы 
  03FFFC: A5BE70F0  04FFFC: 0BA78B36 
  Вычислена контрольная сумма участка памяти  06645B81 
--------------------------------------------------------

  10.11.2003  11:55   Запись дампа UGD  ot.ugd 
  * Дамп UGD ot.ugd :  0
  Записан файл ot.ugd  по адресам 000000-04FFFF

  Контрольные суммы ОЗУ и ПЗУ 
  03FFFC: A28EAAAE  04FFFC: B65235DA 
  Вычислены контрольные суммы 
  03FFFC: A5BE70F0  04FFFC: 0BA78B36 
  Вычислена контрольная сумма участка памяти  06645B81 
--------------------------------------------------------

  19.11.2003  19:38   Запись дампа UGD  aa 
  * Дамп UGD aa :  

  04.02.2004  14:47   Запись дампа UGD  srez0402.ugd 
  * Дамп UGD srez0402.ugd :  04.02.2004
  Записан файл srez0402.ugd  по адресам 000000-04FFFF

  Контрольные суммы ОЗУ и ПЗУ 
  03FFFC: BFFBFADF  04FFFC: B65235DA 
  Вычислены контрольные суммы 
  03FFFC: F9416D9B  04FFFC: 0BA78B36 
  Вычислена контрольная сумма участка памяти  B0106B0C 
--------------------------------------------------------

  09.02.2004  11:57   Запись дампа UGD  KLIK.UGD 
  * Дамп UGD KLIK.UGD :  
  Записан файл KLIK.UGD  по адресам 000000-04FFFF

  Контрольные суммы ОЗУ и ПЗУ 
  03FFFC: BFFBFADF  04FFFC: B65235DA 
  Вычислены контрольные суммы 
  03FFFC: 63168178  04FFFC: 0BA78B36 
  Вычислена контрольная сумма участка памяти  0A207052 
--------------------------------------------------------

  09.02.2004  12:09   Запись дампа UGD  SREZ0902.UGD 
  * Дамп UGD SREZ0902.UGD :  09.02.2004
  Записан файл SREZ0902.UGD  по адресам 000000-04FFFF

  Контрольные суммы ОЗУ и ПЗУ 
  03FFFC: BFFBFADF  04FFFC: B65235DA 
  Вычислены контрольные суммы 
  03FFFC: 764D2452  04FFFC: 0BA78B36 
  Вычислена контрольная сумма участка памяти  89165B74 
--------------------------------------------------------


  19.02.2004  16:00   Запись дампа UGD  srez1902.ugd 
  * Дамп UGD srez1902.ugd :  srez 19/02/2004
  Записан файл srez1902.ugd  по адресам 000000-04FFFF

  Контрольные суммы ОЗУ и ПЗУ 
  03FFFC: ABBABA5F  04FFFC: B65235DA 
  Вычислены контрольные суммы 
  03FFFC: 8B31C674  04FFFC: B65235DA 
  Вычислена контрольная сумма участка памяти  D1F6865F 
--------------------------------------------------------

  24.02.2004  15:32   Запись дампа UGD  srez2402.ugd 
  * Дамп UGD srez2402.ugd :  24.02.2004
  Записан файл srez2402.ugd  по адресам 000000-04FFFF

  Контрольные суммы ОЗУ и ПЗУ 
  03FFFC: ABBABA5F  04FFFC: B65235DA 
  Вычислены контрольные суммы 
  03FFFC: 66498D08  04FFFC: B65235DA 
  Вычислена контрольная сумма участка памяти  209C96C0 
--------------------------------------------------------

  01.06.2004  14:41   Запись дампа UGD  srez_0106.ugd 
  * Дамп UGD srez_0106.ugd :  
  Записан файл srez_0106.ugd  по адресам 000000-04FFFF

  Контрольные суммы ОЗУ и ПЗУ 
  03FFFC: 00000000  04FFFC: 9A2ABD00 
  Вычислены контрольные суммы 
  03FFFC: FD5B8C56  04FFFC: 9A2ABD00 
  Вычислена контрольная сумма участка памяти  FE224136 
--------------------------------------------------------

  01.06.2004  14:49   Запись дампа UGD  srez_1_6.ugd 
  * Дамп UGD srez_1_6.ugd :  
  Записан файл srez_1_6.ugd  по адресам 000000-04FFFF

  Контрольные суммы ОЗУ и ПЗУ 
  03FFFC: 00000000  04FFFC: 9A2ABD00 
  Вычислены контрольные суммы 
  03FFFC: FD5B8C56  04FFFC: 9A2ABD00 
  Вычислена контрольная сумма участка памяти  FE224136 
--------------------------------------------------------

  21.09.2004  14:23   Запись дампа UGD  srez_n13.ugd 
  * Дамп UGD srez_n13.ugd :  rb n13
  Записан файл srez_n13.ugd  по адресам 000000-04FFFF

  Контрольные суммы ОЗУ и ПЗУ 
  03FFFC: 00000000  04FFFC: 9A2ABD00 
  Вычислены контрольные суммы 
  03FFFC: 608B9BF9  04FFFC: 9A2ABD00 
  Вычислена контрольная сумма участка памяти  A59F5826 
--------------------------------------------------------

  05.11.2004  13:45   Запись дампа UGD  srez_n17.ugd 
  * Дамп UGD srez_n17.ugd :  XM-RADIO-3
  Записан файл srez_n17.ugd  по адресам 000000-04FFFF

  Контрольные суммы ОЗУ и ПЗУ 
  03FFFC: 00000000  04FFFC: 9A2ABD00 
  Вычислены контрольные суммы 
  03FFFC: A0558248  04FFFC: 9A2ABD00 
  Вычислена контрольная сумма участка памяти  F02CD2AE 
--------------------------------------------------------

  26.11.2004  14:03   Запись дампа UGD  srez_nnn.ugd 
  * Дамп UGD srez_nnn.ugd :  DM_SL
  Записан файл srez_nnn.ugd  по адресам 000000-04FFFF

  Контрольные суммы ОЗУ и ПЗУ 
  03FFFC: 00000000  04FFFC: 9A2ABD00 
  Вычислены контрольные суммы 
  03FFFC: 31AB33DE  04FFFC: 9A2ABD00 
  Вычислена контрольная сумма участка памяти  F191A1FD 
--------------------------------------------------------

  06.12.2004  14:57   Запись дампа UGD  srez_17n.ugd 
  * Дамп UGD srez_17n.ugd :  RB DM-SL N17
  Записан файл srez_17n.ugd  по адресам 000000-04FFFF

  Контрольные суммы ОЗУ и ПЗУ 
  03FFFC: 00000000  04FFFC: 9A2ABD00 
  Вычислены контрольные суммы 
  03FFFC: 1ADEA31D  04FFFC: 9A2ABD00 
  Вычислена контрольная сумма участка памяти  846D933F 
--------------------------------------------------------

  24.12.2004  14:49   Запись дампа UGD  srez_n17.ugd 
  * Дамп UGD srez_n17.ugd :  XM-RADIO 3
  Записан файл srez_n17.ugd  по адресам 000000-04FFFF

  Контрольные суммы ОЗУ и ПЗУ 
  03FFFC: 00000000  04FFFC: 9A2ABD00 
  Вычислены контрольные суммы 
  03FFFC: 347F2864  04FFFC: 9A2ABD00 
  Вычислена контрольная сумма участка памяти  BC6744BD 
--------------------------------------------------------

  22.03.2005  14:51   Запись дампа UGD  srez2203.ugd 
  * Дамп UGD srez2203.ugd :  
  Записан файл srez2203.ugd  по адресам 000000-04FFFF

  Контрольные суммы ОЗУ и ПЗУ 
  03FFFC: 00000000  04FFFC: 9A2ABD00 
  Вычислены контрольные суммы 
  03FFFC: 53F5C11A  04FFFC: 9A2ABD00 
  Вычислена контрольная сумма участка памяти  D4677C9D 
--------------------------------------------------------

  09.08.2005  14:21   Запись дампа UGD  srez_n20.ugd 
  * Дамп UGD srez_n20.ugd :  
  Записан файл srez_n20.ugd  по адресам 000000-04FFFF

  Контрольные суммы ОЗУ и ПЗУ 
  03FFFC: 00000000  04FFFC: 9A2ABD00 
  Вычислены контрольные суммы 
  03FFFC: C6D76305  04FFFC: 9A2ABD00 
  Вычислена контрольная сумма участка памяти  67061903 
--------------------------------------------------------

  01.01.1990  00:01   Запись дампа UGD  srez20_1.ugd 
  * Дамп UGD srez20_1.ugd :  Orbita-1
  Записан файл srez20_1.ugd  по адресам 000000-04FFFF

  Контрольные суммы ОЗУ и ПЗУ 
  03FFFC: 00000000  04FFFC: 9A2ABD00 
  Вычислены контрольные суммы 
  03FFFC: 158EB9A8  04FFFC: 9A2ABD00 
  Вычислена контрольная сумма участка памяти  60628303 
--------------------------------------------------------

  17.08.2005  13:42   Запись дампа UGD  srez20_2.ugd 
  * Дамп UGD srez20_2.ugd :  orbita-2
  Записан файл srez20_2.ugd  по адресам 000000-04FFFF

  Контрольные суммы ОЗУ и ПЗУ 
  03FFFC: 00000000  04FFFC: 9A2ABD00 
  Вычислены контрольные суммы 
  03FFFC: 3A8A9F83  04FFFC: 9A2ABD00 
  Вычислена контрольная сумма участка памяти  28B3959E 
--------------------------------------------------------

  06.10.2005  14:09   Запись дампа UGD  srez_0610.ugd 
  * Дамп UGD srez_0610.ugd :  
  Записан файл srez_0610.ugd  по адресам 000000-04FFFF

  Контрольные суммы ОЗУ и ПЗУ 
  03FFFC: 00000000  04FFFC: 9A2ABD00 
  Вычислены контрольные суммы 
  03FFFC: E9941F7B  04FFFC: 9A2ABD00 
  Вычислена контрольная сумма участка памяти  13AE73C4 
--------------------------------------------------------

  06.10.2005  19:42   Запись дампа UGD  srez_071.ugd 
  * Дамп UGD srez_071.ugd :  
  Записан файл srez_071.ugd  по адресам 000000-04FFFF

  Контрольные суммы ОЗУ и ПЗУ 
  03FFFC: 00000000  04FFFC: 9A2ABD00 
  Вычислены контрольные суммы 
  03FFFC: 9D0FF157  04FFFC: 9A2ABD00 
  Вычислена контрольная сумма участка памяти  2B8E7039 
--------------------------------------------------------

  06.10.2005  19:45   Запись дампа UGD  srez_071.ugd 
  * Дамп UGD srez_071.ugd :  
  Записан файл srez_071.ugd  по адресам 000000-04FFFF

  Контрольные суммы ОЗУ и ПЗУ 
  03FFFC: 00000000  04FFFC: 9A2ABD00 
  Вычислены контрольные суммы 
  03FFFC: 9D0FF157  04FFFC: 9A2ABD00 
  Вычислена контрольная сумма участка памяти  2B8E7039 
--------------------------------------------------------

  06.12.2005  14:25   Запись дампа UGD  srez_14l.ugd 
  * Дамп UGD srez_14l.ugd :  echostar10
  Записан файл srez_14l.ugd  по адресам 000000-04FFFF

  Контрольные суммы ОЗУ и ПЗУ 
  03FFFC: 00000000  04FFFC: 9A2ABD00 
  Вычислены контрольные суммы 
  03FFFC: 016DA3B9  04FFFC: 9A2ABD00 
  Вычислена контрольная сумма участка памяти  CF3985FC 
--------------------------------------------------------

  06.12.2005  14:28   Запись дампа UGD  srez_14.ugd 
  * Дамп UGD srez_14.ugd :  
  Записан файл srez_14.ugd  по адресам 000000-04FFFF

  Контрольные суммы ОЗУ и ПЗУ 
  03FFFC: 00000000  04FFFC: 9A2ABD00 
  Вычислены контрольные суммы 
  03FFFC: B360195A  04FFFC: 9A2ABD00 
  Вычислена контрольная сумма участка памяти  1ACD7672 
--------------------------------------------------------

  08.12.2005  15:16   Запись дампа UGD  srez_812.ugd 
  * Дамп UGD srez_812.ugd :  echostar10
  Записан файл srez_812.ugd  по адресам 000000-04FFFF

  Контрольные суммы ОЗУ и ПЗУ 
  03FFFC: 00000000  04FFFC: 9A2ABD00 
  Вычислены контрольные суммы 
  03FFFC: B6D25EA4  04FFFC: 9A2ABD00 
  Вычислена контрольная сумма участка памяти  4A0DCE88 
--------------------------------------------------------
