#! c:/iverilog-x86/bin/vvp
:ivl_version "10.0 (stable)" "(v10_0)";
:ivl_delay_selection "TYPICAL";
:vpi_time_precision - 9;
:vpi_module "system";
:vpi_module "vhdl_sys";
:vpi_module "v2005_math";
:vpi_module "va_math";
S_0202bc70 .scope module, "alu_tb" "alu_tb" 2 2;
 .timescale -9 -9;
P_0202b1a0 .param/l "AND" 0 2 4, C4<000>;
P_0202b1c0 .param/l "AND_N" 0 2 5, C4<100>;
P_0202b1e0 .param/l "OR" 0 2 6, C4<001>;
P_0202b200 .param/l "OR_N" 0 2 7, C4<101>;
P_0202b220 .param/l "SLT" 0 2 10, C4<111>;
P_0202b240 .param/l "SUM" 0 2 8, C4<010>;
P_0202b260 .param/l "SUM_N" 0 2 9, C4<110>;
v0206d2c0_0 .var/s "a", 31 0;
v0206d318_0 .var "alu_control", 2 0;
v0206dfa0_0 .var/s "b", 31 0;
v0206dff8_0 .net/s "res", 31 0, L_0201f2f8;  1 drivers
v0206e050_0 .var/i "seed", 31 0;
v0206e0a8_0 .net "zero_flag", 0 0, L_020a8810;  1 drivers
S_0202b288 .scope task, "a_b_rand" "a_b_rand" 2 28, 2 28 0, S_0202bc70;
 .timescale -9 -9;
TD_alu_tb.a_b_rand ;
    %vpi_func 2 30 "$random" 32, v0206e050_0 {0 0 0};
    %pushi/vec4 10, 0, 32;
    %mod/s;
    %store/vec4 v0206d2c0_0, 0, 32;
    %vpi_func 2 31 "$random" 32, v0206e050_0 {0 0 0};
    %pushi/vec4 10, 0, 32;
    %mod/s;
    %vpi_func 2 31 "$random" 32, v0206e050_0 {0 0 0};
    %pushi/vec4 10, 0, 32;
    %mod/s;
    %mul;
    %store/vec4 v0206dfa0_0, 0, 32;
    %end;
S_02035dd8 .scope module, "alu1" "alu" 2 17, 3 1 0, S_0202bc70;
 .timescale -9 -9;
    .port_info 0 /INPUT 3 "alu_control"
    .port_info 1 /INPUT 32 "scr_a"
    .port_info 2 /INPUT 32 "scr_b"
    .port_info 3 /OUTPUT 32 "alu_result"
    .port_info 4 /OUTPUT 1 "zero_flag"
P_02031460 .param/l "ALU_AND" 0 3 8, C4<00>;
P_02031480 .param/l "ALU_OR" 0 3 9, C4<01>;
P_020314a0 .param/l "ALU_SLT" 0 3 11, C4<11>;
P_020314c0 .param/l "ALU_SUM" 0 3 10, C4<10>;
L_0201f2b0 .functor NOT 32, v0206dfa0_0, C4<00000000000000000000000000000000>, C4<00000000000000000000000000000000>, C4<00000000000000000000000000000000>;
L_0201f2f8 .functor BUFZ 32, v0206cfa8_0, C4<00000000000000000000000000000000>, C4<00000000000000000000000000000000>, C4<00000000000000000000000000000000>;
L_0201f3d0 .functor AND 1, L_0206eec0, L_020a87b8, C4<1>, C4<1>;
v0206cb30_0 .net *"_s1", 0 0, L_0206e100;  1 drivers
v0206cb88_0 .net *"_s2", 31 0, L_0201f2b0;  1 drivers
L_0206f170 .functor BUFT 1, C4<00000000000000000000000000000000>, C4<0>, C4<0>, C4<0>;
v0206cbe0_0 .net/2u *"_s35", 31 0, L_0206f170;  1 drivers
v0206cc38_0 .net *"_s37", 0 0, L_0206eec0;  1 drivers
v0206cc90_0 .net *"_s40", 1 0, L_0206ef18;  1 drivers
L_0206f198 .functor BUFT 1, C4<10>, C4<0>, C4<0>, C4<0>;
v0206cce8_0 .net/2u *"_s41", 1 0, L_0206f198;  1 drivers
v0206cd40_0 .net *"_s43", 0 0, L_020a87b8;  1 drivers
v0206cd98_0 .net *"_s45", 0 0, L_0201f3d0;  1 drivers
L_0206f1c0 .functor BUFT 1, C4<1>, C4<0>, C4<0>, C4<0>;
v0206cdf0_0 .net/2u *"_s47", 0 0, L_0206f1c0;  1 drivers
L_0206f1e8 .functor BUFT 1, C4<0>, C4<0>, C4<0>, C4<0>;
v0206ce48_0 .net/2u *"_s49", 0 0, L_0206f1e8;  1 drivers
v0206cea0_0 .net "add_b", 31 0, L_0206e158;  1 drivers
v0206cef8_0 .net "add_res", 31 0, L_0206ee68;  1 drivers
v0206cf50_0 .net "alu_control", 2 0, v0206d318_0;  1 drivers
v0206cfa8_0 .var "alu_res", 31 0;
v0206d000_0 .net "alu_result", 31 0, L_0201f2f8;  alias, 1 drivers
v0206d058_0 .net "cout1", 0 0, L_0206e1b0;  1 drivers
v0206d0b0_0 .net "cout2", 0 0, L_0206e520;  1 drivers
v0206d108_0 .net "cout3", 0 0, L_0206e838;  1 drivers
v0206d160_0 .net "cout4", 0 0, L_0206eb50;  1 drivers
v0206d1b8_0 .net "scr_a", 31 0, v0206d2c0_0;  1 drivers
v0206d210_0 .net "scr_b", 31 0, v0206dfa0_0;  1 drivers
v0206d268_0 .net "zero_flag", 0 0, L_020a8810;  alias, 1 drivers
E_02026b68 .event edge, v0206cf50_0, v0206d1b8_0, v0206d210_0, v0206cef8_0;
L_0206e100 .part v0206d318_0, 2, 1;
L_0206e158 .functor MUXZ 32, v0206dfa0_0, L_0201f2b0, L_0206e100, C4<>;
L_0206e418 .part v0206d2c0_0, 0, 8;
L_0206e470 .part L_0206e158, 0, 8;
L_0206e4c8 .part v0206d318_0, 2, 1;
L_0206e788 .part v0206d2c0_0, 8, 8;
L_0206e7e0 .part L_0206e158, 8, 8;
L_0206eaa0 .part v0206d2c0_0, 16, 8;
L_0206eaf8 .part L_0206e158, 16, 8;
L_0206edb8 .part v0206d2c0_0, 24, 8;
L_0206ee10 .part L_0206e158, 24, 8;
L_0206ee68 .concat8 [ 8 8 8 8], L_0206e208, L_0206e578, L_0206e890, L_0206eba8;
L_0206eec0 .cmp/eq 32, v0206cfa8_0, L_0206f170;
L_0206ef18 .part v0206d318_0, 0, 2;
L_020a87b8 .cmp/eq 2, L_0206ef18, L_0206f198;
L_020a8810 .functor MUXZ 1, L_0206f1e8, L_0206f1c0, L_0201f3d0, C4<>;
S_02035ea8 .scope module, "add1" "add" 3 23, 4 1 0, S_02035dd8;
 .timescale -9 -9;
    .port_info 0 /INPUT 8 "a"
    .port_info 1 /INPUT 8 "b"
    .port_info 2 /INPUT 1 "cin"
    .port_info 3 /OUTPUT 8 "s"
    .port_info 4 /OUTPUT 1 "cout"
P_02026aa0 .param/l "N" 0 4 1, +C4<00000000000000000000000000001000>;
L_0206efb8 .functor BUFT 1, C4<0>, C4<0>, C4<0>, C4<0>;
v02024f18_0 .net *"_s10", 0 0, L_0206efb8;  1 drivers
v02024f70_0 .net *"_s11", 8 0, L_0206e310;  1 drivers
v02024fc8_0 .net *"_s13", 8 0, L_0206e368;  1 drivers
L_0206efe0 .functor BUFT 1, C4<00000000>, C4<0>, C4<0>, C4<0>;
v02025020_0 .net *"_s16", 7 0, L_0206efe0;  1 drivers
v02025078_0 .net *"_s17", 8 0, L_0206e3c0;  1 drivers
v020250d0_0 .net *"_s3", 8 0, L_0206e260;  1 drivers
L_0206ef90 .functor BUFT 1, C4<0>, C4<0>, C4<0>, C4<0>;
v02025128_0 .net *"_s6", 0 0, L_0206ef90;  1 drivers
v02025180_0 .net *"_s7", 8 0, L_0206e2b8;  1 drivers
v020251d8_0 .net "a", 7 0, L_0206e418;  1 drivers
v02025230_0 .net "b", 7 0, L_0206e470;  1 drivers
v02025288_0 .net "cin", 0 0, L_0206e4c8;  1 drivers
v020252e0_0 .net "cout", 0 0, L_0206e1b0;  alias, 1 drivers
v02025338_0 .net "s", 7 0, L_0206e208;  1 drivers
L_0206e1b0 .part L_0206e3c0, 8, 1;
L_0206e208 .part L_0206e3c0, 0, 8;
L_0206e260 .concat [ 8 1 0 0], L_0206e418, L_0206ef90;
L_0206e2b8 .concat [ 8 1 0 0], L_0206e470, L_0206efb8;
L_0206e310 .arith/sum 9, L_0206e260, L_0206e2b8;
L_0206e368 .concat [ 1 8 0 0], L_0206e4c8, L_0206efe0;
L_0206e3c0 .arith/sum 9, L_0206e310, L_0206e368;
S_020347c8 .scope module, "add2" "add" 3 31, 4 1 0, S_02035dd8;
 .timescale -9 -9;
    .port_info 0 /INPUT 8 "a"
    .port_info 1 /INPUT 8 "b"
    .port_info 2 /INPUT 1 "cin"
    .port_info 3 /OUTPUT 8 "s"
    .port_info 4 /OUTPUT 1 "cout"
P_02026b90 .param/l "N" 0 4 1, +C4<00000000000000000000000000001000>;
L_0206f030 .functor BUFT 1, C4<0>, C4<0>, C4<0>, C4<0>;
v02025390_0 .net *"_s10", 0 0, L_0206f030;  1 drivers
v020253e8_0 .net *"_s11", 8 0, L_0206e680;  1 drivers
v02025440_0 .net *"_s13", 8 0, L_0206e6d8;  1 drivers
L_0206f058 .functor BUFT 1, C4<00000000>, C4<0>, C4<0>, C4<0>;
v02025498_0 .net *"_s16", 7 0, L_0206f058;  1 drivers
v020254f0_0 .net *"_s17", 8 0, L_0206e730;  1 drivers
v02025548_0 .net *"_s3", 8 0, L_0206e5d0;  1 drivers
L_0206f008 .functor BUFT 1, C4<0>, C4<0>, C4<0>, C4<0>;
v020255a0_0 .net *"_s6", 0 0, L_0206f008;  1 drivers
v020255f8_0 .net *"_s7", 8 0, L_0206e628;  1 drivers
v02025650_0 .net "a", 7 0, L_0206e788;  1 drivers
v020256a8_0 .net "b", 7 0, L_0206e7e0;  1 drivers
v02025700_0 .net "cin", 0 0, L_0206e1b0;  alias, 1 drivers
v02025758_0 .net "cout", 0 0, L_0206e520;  alias, 1 drivers
v020257b0_0 .net "s", 7 0, L_0206e578;  1 drivers
L_0206e520 .part L_0206e730, 8, 1;
L_0206e578 .part L_0206e730, 0, 8;
L_0206e5d0 .concat [ 8 1 0 0], L_0206e788, L_0206f008;
L_0206e628 .concat [ 8 1 0 0], L_0206e7e0, L_0206f030;
L_0206e680 .arith/sum 9, L_0206e5d0, L_0206e628;
L_0206e6d8 .concat [ 1 8 0 0], L_0206e1b0, L_0206f058;
L_0206e730 .arith/sum 9, L_0206e680, L_0206e6d8;
S_02034898 .scope module, "add3" "add" 3 39, 4 1 0, S_02035dd8;
 .timescale -9 -9;
    .port_info 0 /INPUT 8 "a"
    .port_info 1 /INPUT 8 "b"
    .port_info 2 /INPUT 1 "cin"
    .port_info 3 /OUTPUT 8 "s"
    .port_info 4 /OUTPUT 1 "cout"
P_02026a78 .param/l "N" 0 4 1, +C4<00000000000000000000000000001000>;
L_0206f0a8 .functor BUFT 1, C4<0>, C4<0>, C4<0>, C4<0>;
v02025808_0 .net *"_s10", 0 0, L_0206f0a8;  1 drivers
v02025860_0 .net *"_s11", 8 0, L_0206e998;  1 drivers
v020258b8_0 .net *"_s13", 8 0, L_0206e9f0;  1 drivers
L_0206f0d0 .functor BUFT 1, C4<00000000>, C4<0>, C4<0>, C4<0>;
v02025910_0 .net *"_s16", 7 0, L_0206f0d0;  1 drivers
v0206c3a0_0 .net *"_s17", 8 0, L_0206ea48;  1 drivers
v0206c3f8_0 .net *"_s3", 8 0, L_0206e8e8;  1 drivers
L_0206f080 .functor BUFT 1, C4<0>, C4<0>, C4<0>, C4<0>;
v0206c450_0 .net *"_s6", 0 0, L_0206f080;  1 drivers
v0206c4a8_0 .net *"_s7", 8 0, L_0206e940;  1 drivers
v0206c500_0 .net "a", 7 0, L_0206eaa0;  1 drivers
v0206c558_0 .net "b", 7 0, L_0206eaf8;  1 drivers
v0206c5b0_0 .net "cin", 0 0, L_0206e520;  alias, 1 drivers
v0206c608_0 .net "cout", 0 0, L_0206e838;  alias, 1 drivers
v0206c660_0 .net "s", 7 0, L_0206e890;  1 drivers
L_0206e838 .part L_0206ea48, 8, 1;
L_0206e890 .part L_0206ea48, 0, 8;
L_0206e8e8 .concat [ 8 1 0 0], L_0206eaa0, L_0206f080;
L_0206e940 .concat [ 8 1 0 0], L_0206eaf8, L_0206f0a8;
L_0206e998 .arith/sum 9, L_0206e8e8, L_0206e940;
L_0206e9f0 .concat [ 1 8 0 0], L_0206e520, L_0206f0d0;
L_0206ea48 .arith/sum 9, L_0206e998, L_0206e9f0;
S_02032950 .scope module, "add4" "add" 3 47, 4 1 0, S_02035dd8;
 .timescale -9 -9;
    .port_info 0 /INPUT 8 "a"
    .port_info 1 /INPUT 8 "b"
    .port_info 2 /INPUT 1 "cin"
    .port_info 3 /OUTPUT 8 "s"
    .port_info 4 /OUTPUT 1 "cout"
P_02026be0 .param/l "N" 0 4 1, +C4<00000000000000000000000000001000>;
L_0206f120 .functor BUFT 1, C4<0>, C4<0>, C4<0>, C4<0>;
v0206c6b8_0 .net *"_s10", 0 0, L_0206f120;  1 drivers
v0206c710_0 .net *"_s11", 8 0, L_0206ecb0;  1 drivers
v0206c768_0 .net *"_s13", 8 0, L_0206ed08;  1 drivers
L_0206f148 .functor BUFT 1, C4<00000000>, C4<0>, C4<0>, C4<0>;
v0206c7c0_0 .net *"_s16", 7 0, L_0206f148;  1 drivers
v0206c818_0 .net *"_s17", 8 0, L_0206ed60;  1 drivers
v0206c870_0 .net *"_s3", 8 0, L_0206ec00;  1 drivers
L_0206f0f8 .functor BUFT 1, C4<0>, C4<0>, C4<0>, C4<0>;
v0206c8c8_0 .net *"_s6", 0 0, L_0206f0f8;  1 drivers
v0206c920_0 .net *"_s7", 8 0, L_0206ec58;  1 drivers
v0206c978_0 .net "a", 7 0, L_0206edb8;  1 drivers
v0206c9d0_0 .net "b", 7 0, L_0206ee10;  1 drivers
v0206ca28_0 .net "cin", 0 0, L_0206e838;  alias, 1 drivers
v0206ca80_0 .net "cout", 0 0, L_0206eb50;  alias, 1 drivers
v0206cad8_0 .net "s", 7 0, L_0206eba8;  1 drivers
L_0206eb50 .part L_0206ed60, 8, 1;
L_0206eba8 .part L_0206ed60, 0, 8;
L_0206ec00 .concat [ 8 1 0 0], L_0206edb8, L_0206f0f8;
L_0206ec58 .concat [ 8 1 0 0], L_0206ee10, L_0206f120;
L_0206ecb0 .arith/sum 9, L_0206ec00, L_0206ec58;
L_0206ed08 .concat [ 1 8 0 0], L_0206e838, L_0206f148;
L_0206ed60 .arith/sum 9, L_0206ecb0, L_0206ed08;
S_02032a20 .scope task, "disp" "disp" 2 35, 2 35 0, S_0202bc70;
 .timescale -9 -9;
TD_alu_tb.disp ;
    %delay 10, 0;
    %vpi_call 2 38 "$display", "   " {0 0 0};
    %vpi_call 2 39 "$display", "ALU IS WORKING" {0 0 0};
    %vpi_call 2 40 "$display", "a is %d", v0206d2c0_0 {0 0 0};
    %vpi_call 2 41 "$display", "b is %d", v0206dfa0_0 {0 0 0};
    %load/vec4 v0206d318_0;
    %dup/vec4;
    %pushi/vec4 0, 0, 3;
    %cmp/u;
    %jmp/1 T_1.0, 6;
    %dup/vec4;
    %pushi/vec4 4, 0, 3;
    %cmp/u;
    %jmp/1 T_1.1, 6;
    %dup/vec4;
    %pushi/vec4 1, 0, 3;
    %cmp/u;
    %jmp/1 T_1.2, 6;
    %dup/vec4;
    %pushi/vec4 5, 0, 3;
    %cmp/u;
    %jmp/1 T_1.3, 6;
    %dup/vec4;
    %pushi/vec4 2, 0, 3;
    %cmp/u;
    %jmp/1 T_1.4, 6;
    %dup/vec4;
    %pushi/vec4 6, 0, 3;
    %cmp/u;
    %jmp/1 T_1.5, 6;
    %dup/vec4;
    %pushi/vec4 7, 0, 3;
    %cmp/u;
    %jmp/1 T_1.6, 6;
    %jmp T_1.7;
T_1.0 ;
    %vpi_call 2 43 "$display", "operation is A & B" {0 0 0};
    %jmp T_1.7;
T_1.1 ;
    %vpi_call 2 44 "$display", "operation is A & (~B)" {0 0 0};
    %jmp T_1.7;
T_1.2 ;
    %vpi_call 2 45 "$display", "operation is A | B" {0 0 0};
    %jmp T_1.7;
T_1.3 ;
    %vpi_call 2 46 "$display", "operation is A | (~B)" {0 0 0};
    %jmp T_1.7;
T_1.4 ;
    %vpi_call 2 47 "$display", "operation is A + B" {0 0 0};
    %jmp T_1.7;
T_1.5 ;
    %vpi_call 2 48 "$display", "operation is A - B" {0 0 0};
    %jmp T_1.7;
T_1.6 ;
    %vpi_call 2 49 "$display", "operation is SLT" {0 0 0};
    %jmp T_1.7;
T_1.7 ;
    %pop/vec4 1;
    %vpi_call 2 51 "$display", "Answer is %d", v0206dff8_0 {0 0 0};
    %vpi_call 2 52 "$display", "Zero?  %d", v0206e0a8_0 {0 0 0};
    %vpi_call 2 53 "$display", "   " {0 0 0};
    %vpi_call 2 54 "$display", "   " {0 0 0};
    %vpi_call 2 55 "$display", "   " {0 0 0};
    %end;
    .scope S_02035dd8;
T_2 ;
    %wait E_02026b68;
    %load/vec4 v0206cf50_0;
    %parti/s 2, 0, 2;
    %dup/vec4;
    %pushi/vec4 0, 0, 2;
    %cmp/u;
    %jmp/1 T_2.0, 6;
    %dup/vec4;
    %pushi/vec4 1, 0, 2;
    %cmp/u;
    %jmp/1 T_2.1, 6;
    %dup/vec4;
    %pushi/vec4 2, 0, 2;
    %cmp/u;
    %jmp/1 T_2.2, 6;
    %dup/vec4;
    %pushi/vec4 3, 0, 2;
    %cmp/u;
    %jmp/1 T_2.3, 6;
    %jmp T_2.4;
T_2.0 ;
    %load/vec4 v0206cf50_0;
    %parti/s 1, 2, 3;
    %flag_set/vec4 8;
    %jmp/0xz  T_2.5, 8;
    %load/vec4 v0206d1b8_0;
    %load/vec4 v0206d210_0;
    %inv;
    %and;
    %store/vec4 v0206cfa8_0, 0, 32;
    %jmp T_2.6;
T_2.5 ;
    %load/vec4 v0206d1b8_0;
    %load/vec4 v0206d210_0;
    %and;
    %store/vec4 v0206cfa8_0, 0, 32;
T_2.6 ;
    %jmp T_2.4;
T_2.1 ;
    %load/vec4 v0206cf50_0;
    %parti/s 1, 2, 3;
    %flag_set/vec4 8;
    %jmp/0xz  T_2.7, 8;
    %load/vec4 v0206d1b8_0;
    %load/vec4 v0206d210_0;
    %inv;
    %or;
    %store/vec4 v0206cfa8_0, 0, 32;
    %jmp T_2.8;
T_2.7 ;
    %load/vec4 v0206d1b8_0;
    %load/vec4 v0206d210_0;
    %or;
    %store/vec4 v0206cfa8_0, 0, 32;
T_2.8 ;
    %jmp T_2.4;
T_2.2 ;
    %load/vec4 v0206cef8_0;
    %store/vec4 v0206cfa8_0, 0, 32;
    %jmp T_2.4;
T_2.3 ;
    %load/vec4 v0206cef8_0;
    %parti/s 1, 31, 6;
    %replicate 32;
    %store/vec4 v0206cfa8_0, 0, 32;
    %jmp T_2.4;
T_2.4 ;
    %pop/vec4 1;
    %jmp T_2;
    .thread T_2, $push;
    .scope S_0202bc70;
T_3 ;
    %pushi/vec4 0, 0, 32;
    %store/vec4 v0206d2c0_0, 0, 32;
    %pushi/vec4 0, 0, 32;
    %store/vec4 v0206dfa0_0, 0, 32;
    %pushi/vec4 7, 0, 32;
    %store/vec4 v0206e050_0, 0, 32;
    %pushi/vec4 0, 0, 3;
    %store/vec4 v0206d318_0, 0, 3;
    %delay 20, 0;
    %pushi/vec4 20, 0, 32;
    %store/vec4 v0206d2c0_0, 0, 32;
    %pushi/vec4 20, 0, 32;
    %store/vec4 v0206dfa0_0, 0, 32;
    %pushi/vec4 6, 0, 3;
    %store/vec4 v0206d318_0, 0, 3;
    %delay 5, 0;
    %fork TD_alu_tb.disp, S_02032a20;
    %join;
    %delay 20, 0;
    %fork TD_alu_tb.a_b_rand, S_0202b288;
    %join;
    %pushi/vec4 2, 0, 3;
    %store/vec4 v0206d318_0, 0, 3;
    %fork TD_alu_tb.disp, S_02032a20;
    %join;
    %delay 20, 0;
    %fork TD_alu_tb.a_b_rand, S_0202b288;
    %join;
    %fork TD_alu_tb.disp, S_02032a20;
    %join;
    %delay 20, 0;
    %fork TD_alu_tb.a_b_rand, S_0202b288;
    %join;
    %pushi/vec4 2, 0, 3;
    %store/vec4 v0206d318_0, 0, 3;
    %fork TD_alu_tb.disp, S_02032a20;
    %join;
    %delay 20, 0;
    %fork TD_alu_tb.a_b_rand, S_0202b288;
    %join;
    %pushi/vec4 6, 0, 3;
    %store/vec4 v0206d318_0, 0, 3;
    %fork TD_alu_tb.disp, S_02032a20;
    %join;
    %delay 20, 0;
    %fork TD_alu_tb.a_b_rand, S_0202b288;
    %join;
    %fork TD_alu_tb.disp, S_02032a20;
    %join;
    %delay 20, 0;
    %fork TD_alu_tb.a_b_rand, S_0202b288;
    %join;
    %pushi/vec4 6, 0, 3;
    %store/vec4 v0206d318_0, 0, 3;
    %fork TD_alu_tb.disp, S_02032a20;
    %join;
    %delay 20, 0;
    %fork TD_alu_tb.a_b_rand, S_0202b288;
    %join;
    %pushi/vec4 6, 0, 3;
    %store/vec4 v0206d318_0, 0, 3;
    %fork TD_alu_tb.disp, S_02032a20;
    %join;
    %delay 20, 0;
    %fork TD_alu_tb.a_b_rand, S_0202b288;
    %join;
    %pushi/vec4 6, 0, 3;
    %store/vec4 v0206d318_0, 0, 3;
    %fork TD_alu_tb.disp, S_02032a20;
    %join;
    %delay 20, 0;
    %fork TD_alu_tb.a_b_rand, S_0202b288;
    %join;
    %pushi/vec4 2, 0, 3;
    %store/vec4 v0206d318_0, 0, 3;
    %fork TD_alu_tb.disp, S_02032a20;
    %join;
    %delay 20, 0;
    %fork TD_alu_tb.a_b_rand, S_0202b288;
    %join;
    %pushi/vec4 6, 0, 3;
    %store/vec4 v0206d318_0, 0, 3;
    %fork TD_alu_tb.disp, S_02032a20;
    %join;
    %delay 20, 0;
    %fork TD_alu_tb.a_b_rand, S_0202b288;
    %join;
    %pushi/vec4 6, 0, 3;
    %store/vec4 v0206d318_0, 0, 3;
    %fork TD_alu_tb.disp, S_02032a20;
    %join;
    %delay 20, 0;
    %fork TD_alu_tb.a_b_rand, S_0202b288;
    %join;
    %pushi/vec4 2, 0, 3;
    %store/vec4 v0206d318_0, 0, 3;
    %fork TD_alu_tb.disp, S_02032a20;
    %join;
    %delay 20, 0;
    %vpi_call 2 118 "$finish" {0 0 0};
    %end;
    .thread T_3;
# The file index is used to find the file name in the following table.
:file_names 5;
    "N/A";
    "<interactive>";
    "alu_tb.v";
    "../rtl/alu.v";
    "../rtl/add.v";
